<?xml version="1.0" encoding="UTF-8"?>
<!-- Generated by org.testng.reporters.JUnitXMLReporter -->
<testsuite hostname="sandeep" ignored="20" name="Test" tests="1" failures="1" timestamp="21 Apr 2017 05:13:33 GMT" time="27.578" errors="0">
  <testcase name="enterExistingUserEmail" time="10.796" classname="landingPage_ParentSignUpTestCases.TestCasesParentSignUp">
    <failure type="java.lang.NullPointerException">
      <![CDATA[java.lang.NullPointerException
	at landingPage_ParentSignUpTestCases.TestCasesParentSignUp.enterExistingUserEmail(TestCasesParentSignUp.java:526)
... Removed 25 stack frames]]>
    </failure>
  </testcase> <!-- enterExistingUserEmail -->
  <testcase name="enterInvalidUserEmailTypeSix" time="0.0" classname="landingPage_ParentSignUpTestCases.TestCasesParentSignUp">
    <ignored/>
  </testcase> <!-- enterInvalidUserEmailTypeSix -->
  <testcase name="enterBlankEmailOnly" time="0.0" classname="landingPage_ParentSignUpTestCases.TestCasesParentSignUp">
    <ignored/>
  </testcase> <!-- enterBlankEmailOnly -->
  <testcase name="enterInvalidUserEmailTypeTen" time="0.0" classname="landingPage_ParentSignUpTestCases.TestCasesParentSignUp">
    <ignored/>
  </testcase> <!-- enterInvalidUserEmailTypeTen -->
  <testcase name="enterInvalidUserEmailTypeEleven" time="0.0" classname="landingPage_ParentSignUpTestCases.TestCasesParentSignUp">
    <ignored/>
  </testcase> <!-- enterInvalidUserEmailTypeEleven -->
  <testcase name="enterValidEmailAndPasswordTypeOne_smallLetters" time="0.0" classname="landingPage_ParentSignUpTestCases.TestCasesParentSignUp">
    <ignored/>
  </testcase> <!-- enterValidEmailAndPasswordTypeOne_smallLetters -->
  <testcase name="dashInEmailAddressField" time="0.0" classname="landingPage_ParentSignUpTestCases.TestCasesParentSignUp">
    <ignored/>
  </testcase> <!-- dashInEmailAddressField -->
  <testcase name="enterInvalidUserEmailTypeOne" time="0.0" classname="landingPage_ParentSignUpTestCases.TestCasesParentSignUp">
    <ignored/>
  </testcase> <!-- enterInvalidUserEmailTypeOne -->
  <testcase name="enterBlankPasswordOnly" time="0.0" classname="landingPage_ParentSignUpTestCases.TestCasesParentSignUp">
    <ignored/>
  </testcase> <!-- enterBlankPasswordOnly -->
  <testcase name="enterInvalidUserEmailTypeThree" time="0.0" classname="landingPage_ParentSignUpTestCases.TestCasesParentSignUp">
    <ignored/>
  </testcase> <!-- enterInvalidUserEmailTypeThree -->
  <testcase name="enterInvalidUserEmailTypeEight" time="0.0" classname="landingPage_ParentSignUpTestCases.TestCasesParentSignUp">
    <ignored/>
  </testcase> <!-- enterInvalidUserEmailTypeEight -->
  <testcase name="enterInvalidUserEmailTypeSeven" time="0.0" classname="landingPage_ParentSignUpTestCases.TestCasesParentSignUp">
    <ignored/>
  </testcase> <!-- enterInvalidUserEmailTypeSeven -->
  <testcase name="enterInvalidUserEmailTypeFour" time="0.0" classname="landingPage_ParentSignUpTestCases.TestCasesParentSignUp">
    <ignored/>
  </testcase> <!-- enterInvalidUserEmailTypeFour -->
  <testcase name="enterInvalidUserEmailTypeTwo" time="0.0" classname="landingPage_ParentSignUpTestCases.TestCasesParentSignUp">
    <ignored/>
  </testcase> <!-- enterInvalidUserEmailTypeTwo -->
  <testcase name="onlyDigitsinAddressInEmail" time="0.0" classname="landingPage_ParentSignUpTestCases.TestCasesParentSignUp">
    <ignored/>
  </testcase> <!-- onlyDigitsinAddressInEmail -->
  <testcase name="enterInvalidUserEmailTypeNine" time="0.0" classname="landingPage_ParentSignUpTestCases.TestCasesParentSignUp">
    <ignored/>
  </testcase> <!-- enterInvalidUserEmailTypeNine -->
  <testcase name="enterBlankEmailAndPassword" time="0.0" classname="landingPage_ParentSignUpTestCases.TestCasesParentSignUp">
    <ignored/>
  </testcase> <!-- enterBlankEmailAndPassword -->
  <testcase name="enterValidEmailAndPasswordTypeOne_capitalLetters" time="0.0" classname="landingPage_ParentSignUpTestCases.TestCasesParentSignUp">
    <ignored/>
  </testcase> <!-- enterValidEmailAndPasswordTypeOne_capitalLetters -->
  <testcase name="leadingUnderscoreInEmailAddressField" time="0.0" classname="landingPage_ParentSignUpTestCases.TestCasesParentSignUp">
    <ignored/>
  </testcase> <!-- leadingUnderscoreInEmailAddressField -->
  <testcase name="enterInvalidUserEmailTypeFive" time="0.0" classname="landingPage_ParentSignUpTestCases.TestCasesParentSignUp">
    <ignored/>
  </testcase> <!-- enterInvalidUserEmailTypeFive -->
  <testcase name="enterSpaceInUserEmailAndPassword" time="0.0" classname="landingPage_ParentSignUpTestCases.TestCasesParentSignUp">
    <ignored/>
  </testcase> <!-- enterSpaceInUserEmailAndPassword -->
</testsuite> <!-- Test -->
