<?xml version="1.0" encoding="UTF-8"?>
<!-- Generated by org.testng.reporters.JUnitXMLReporter -->
<testsuite hostname="Sandeeps-MacBook-Pro.local" name="Test" tests="21" failures="0" timestamp="20 Apr 2017 04:43:01 GMT" time="247.088" errors="0">
  <testcase name="dashInEmailAddressField" time="7.23" classname="landingPage_ParentSignUpTestCases.TestCasesParentSignUp"/>
  <testcase name="enterBlankEmailAndPassword" time="2.517" classname="landingPage_ParentSignUpTestCases.TestCasesParentSignUp"/>
  <testcase name="enterBlankEmailOnly" time="2.324" classname="landingPage_ParentSignUpTestCases.TestCasesParentSignUp"/>
  <testcase name="enterBlankPasswordOnly" time="2.69" classname="landingPage_ParentSignUpTestCases.TestCasesParentSignUp"/>
  <testcase name="enterExistingUserEmail" time="5.713" classname="landingPage_ParentSignUpTestCases.TestCasesParentSignUp"/>
  <testcase name="enterInvalidUserEmailTypeEight" time="2.995" classname="landingPage_ParentSignUpTestCases.TestCasesParentSignUp"/>
  <testcase name="enterInvalidUserEmailTypeEleven" time="2.993" classname="landingPage_ParentSignUpTestCases.TestCasesParentSignUp"/>
  <testcase name="enterInvalidUserEmailTypeFive" time="2.774" classname="landingPage_ParentSignUpTestCases.TestCasesParentSignUp"/>
  <testcase name="enterInvalidUserEmailTypeFour" time="2.806" classname="landingPage_ParentSignUpTestCases.TestCasesParentSignUp"/>
  <testcase name="enterInvalidUserEmailTypeNine" time="2.991" classname="landingPage_ParentSignUpTestCases.TestCasesParentSignUp"/>
  <testcase name="enterInvalidUserEmailTypeOne" time="2.826" classname="landingPage_ParentSignUpTestCases.TestCasesParentSignUp"/>
  <testcase name="enterInvalidUserEmailTypeSeven" time="2.998" classname="landingPage_ParentSignUpTestCases.TestCasesParentSignUp"/>
  <testcase name="enterInvalidUserEmailTypeSix" time="2.757" classname="landingPage_ParentSignUpTestCases.TestCasesParentSignUp"/>
  <testcase name="enterInvalidUserEmailTypeTen" time="2.793" classname="landingPage_ParentSignUpTestCases.TestCasesParentSignUp"/>
  <testcase name="enterInvalidUserEmailTypeThree" time="2.833" classname="landingPage_ParentSignUpTestCases.TestCasesParentSignUp"/>
  <testcase name="enterInvalidUserEmailTypeTwo" time="2.751" classname="landingPage_ParentSignUpTestCases.TestCasesParentSignUp"/>
  <testcase name="enterSpaceInUserEmailAndPassword" time="2.449" classname="landingPage_ParentSignUpTestCases.TestCasesParentSignUp"/>
  <testcase name="enterValidEmailAndPasswordTypeOne_capitalLetters" time="7.158" classname="landingPage_ParentSignUpTestCases.TestCasesParentSignUp"/>
  <testcase name="enterValidEmailAndPasswordTypeOne_smallLetters" time="7.56" classname="landingPage_ParentSignUpTestCases.TestCasesParentSignUp"/>
  <testcase name="leadingUnderscoreInEmailAddressField" time="7.071" classname="landingPage_ParentSignUpTestCases.TestCasesParentSignUp"/>
  <testcase name="onlyDigitsinAddressInEmail" time="7.263" classname="landingPage_ParentSignUpTestCases.TestCasesParentSignUp"/>
</testsuite> <!-- Test -->
