<?xml version="1.0" encoding="UTF-8"?>
<testng-results skipped="0" failed="0" total="1" passed="1">
  <reporter-output>
  </reporter-output>
  <suite name="Suite" duration-ms="28869" started-at="2017-04-21T05:52:19Z" finished-at="2017-04-21T05:52:47Z">
    <groups>
    </groups>
    <test name="Test" duration-ms="28869" started-at="2017-04-21T05:52:19Z" finished-at="2017-04-21T05:52:47Z">
      <class name="landingPage_ParentSignUpTestCases.TestCasesParentSignUp">
        <test-method status="PASS" signature="openBrowser()[pri:0, instance:landingPage_ParentSignUpTestCases.TestCasesParentSignUp@6be46e8f]" name="openBrowser" is-config="true" duration-ms="14256" started-at="2017-04-20T22:52:19Z" finished-at="2017-04-20T22:52:33Z">
          <reporter-output>
          </reporter-output>
        </test-method> <!-- openBrowser -->
        <test-method status="PASS" signature="enterExistingUserEmail()[pri:0, instance:landingPage_ParentSignUpTestCases.TestCasesParentSignUp@6be46e8f]" name="enterExistingUserEmail" duration-ms="12933" started-at="2017-04-20T22:52:33Z" finished-at="2017-04-20T22:52:46Z">
          <reporter-output>
          </reporter-output>
        </test-method> <!-- enterExistingUserEmail -->
        <test-method status="PASS" signature="closeBrowser()[pri:0, instance:landingPage_ParentSignUpTestCases.TestCasesParentSignUp@6be46e8f]" name="closeBrowser" is-config="true" duration-ms="1665" started-at="2017-04-20T22:52:46Z" finished-at="2017-04-20T22:52:47Z">
          <reporter-output>
          </reporter-output>
        </test-method> <!-- closeBrowser -->
      </class> <!-- landingPage_ParentSignUpTestCases.TestCasesParentSignUp -->
    </test> <!-- Test -->
  </suite> <!-- Suite -->
</testng-results>
