<?xml version="1.0" encoding="UTF-8"?>
<testng-results skipped="0" failed="0" total="1" passed="1">
  <reporter-output>
  </reporter-output>
  <suite name="splashmathWebProjectTesting.AppTest" duration-ms="37" started-at="2017-04-19T08:01:27Z" finished-at="2017-04-19T08:01:27Z">
    <groups>
    </groups>
    <test name="Command line test" duration-ms="37" started-at="2017-04-19T08:01:27Z" finished-at="2017-04-19T08:01:27Z">
      <class name="splashmathWebProjectTesting.AppTest">
        <test-method status="PASS" signature="fun()[pri:0, instance:splashmathWebProjectTesting.AppTest@5b464ce8]" name="fun" duration-ms="13" started-at="2017-04-19T13:31:27Z" finished-at="2017-04-19T13:31:27Z">
          <reporter-output>
          </reporter-output>
        </test-method> <!-- fun -->
      </class> <!-- splashmathWebProjectTesting.AppTest -->
    </test> <!-- Command line test -->
  </suite> <!-- splashmathWebProjectTesting.AppTest -->
</testng-results>
