<?xml version="1.0" encoding="UTF-8"?>
<testng-results skipped="0" failed="1" ignored="20" total="21" passed="0">
  <reporter-output>
  </reporter-output>
  <suite name="Suite" duration-ms="27578" started-at="2017-04-21T05:13:05Z" finished-at="2017-04-21T05:13:33Z">
    <groups>
    </groups>
    <test name="Test" duration-ms="27578" started-at="2017-04-21T05:13:05Z" finished-at="2017-04-21T05:13:33Z">
      <class name="landingPage_ParentSignUpTestCases.TestCasesParentSignUp">
        <test-method status="PASS" signature="openBrowser()[pri:0, instance:landingPage_ParentSignUpTestCases.TestCasesParentSignUp@4667ae56]" name="openBrowser" is-config="true" duration-ms="15380" started-at="2017-04-20T22:13:06Z" finished-at="2017-04-20T22:13:21Z">
          <reporter-output>
          </reporter-output>
        </test-method> <!-- openBrowser -->
        <test-method status="FAIL" signature="enterExistingUserEmail()[pri:0, instance:landingPage_ParentSignUpTestCases.TestCasesParentSignUp@4667ae56]" name="enterExistingUserEmail" duration-ms="10796" started-at="2017-04-20T22:13:21Z" finished-at="2017-04-20T22:13:32Z">
          <exception class="java.lang.NullPointerException">
            <full-stacktrace>
              <![CDATA[java.lang.NullPointerException
	at landingPage_ParentSignUpTestCases.TestCasesParentSignUp.enterExistingUserEmail(TestCasesParentSignUp.java:526)
	at sun.reflect.NativeMethodAccessorImpl.invoke0(Native Method)
	at sun.reflect.NativeMethodAccessorImpl.invoke(Unknown Source)
	at sun.reflect.DelegatingMethodAccessorImpl.invoke(Unknown Source)
	at java.lang.reflect.Method.invoke(Unknown Source)
	at org.testng.internal.MethodInvocationHelper.invokeMethod(MethodInvocationHelper.java:108)
	at org.testng.internal.Invoker.invokeMethod(Invoker.java:661)
	at org.testng.internal.Invoker.invokeTestMethod(Invoker.java:869)
	at org.testng.internal.Invoker.invokeTestMethods(Invoker.java:1193)
	at org.testng.internal.TestMethodWorker.invokeTestMethods(TestMethodWorker.java:126)
	at org.testng.internal.TestMethodWorker.run(TestMethodWorker.java:109)
	at org.testng.TestRunner.privateRun(TestRunner.java:744)
	at org.testng.TestRunner.run(TestRunner.java:602)
	at org.testng.SuiteRunner.runTest(SuiteRunner.java:380)
	at org.testng.SuiteRunner.runSequentially(SuiteRunner.java:375)
	at org.testng.SuiteRunner.privateRun(SuiteRunner.java:340)
	at org.testng.SuiteRunner.run(SuiteRunner.java:289)
	at org.testng.SuiteRunnerWorker.runSuite(SuiteRunnerWorker.java:52)
	at org.testng.SuiteRunnerWorker.run(SuiteRunnerWorker.java:86)
	at org.testng.TestNG.runSuitesSequentially(TestNG.java:1301)
	at org.testng.TestNG.runSuitesLocally(TestNG.java:1226)
	at org.testng.TestNG.runSuites(TestNG.java:1144)
	at org.testng.TestNG.run(TestNG.java:1115)
	at org.testng.remote.AbstractRemoteTestNG.run(AbstractRemoteTestNG.java:132)
	at org.testng.remote.RemoteTestNG.initAndRun(RemoteTestNG.java:230)
	at org.testng.remote.RemoteTestNG.main(RemoteTestNG.java:76)
]]>
            </full-stacktrace>
          </exception> <!-- java.lang.NullPointerException -->
          <reporter-output>
          </reporter-output>
        </test-method> <!-- enterExistingUserEmail -->
        <test-method status="PASS" signature="closeBrowser()[pri:0, instance:landingPage_ParentSignUpTestCases.TestCasesParentSignUp@4667ae56]" name="closeBrowser" is-config="true" duration-ms="1328" started-at="2017-04-20T22:13:32Z" finished-at="2017-04-20T22:13:33Z">
          <reporter-output>
          </reporter-output>
        </test-method> <!-- closeBrowser -->
      </class> <!-- landingPage_ParentSignUpTestCases.TestCasesParentSignUp -->
    </test> <!-- Test -->
  </suite> <!-- Suite -->
</testng-results>
